#
# There is insufficient memory for the Java Runtime Environment to continue.
# Native memory allocation (mmap) failed to map 4128768 bytes for G1 virtual space
# Possible reasons:
#   The system is out of physical RAM or swap space
#   The process is running with CompressedOops enabled, and the Java Heap may be blocking the growth of the native heap
# Possible solutions:
#   Reduce memory load on the system
#   Increase physical memory or swap space
#   Check if swap backing store is full
#   Decrease Java heap size (-Xmx/-Xms)
#   Decrease number of Java threads
#   Decrease Java thread stack sizes (-Xss)
#   Set larger code cache with -XX:ReservedCodeCacheSize=
#   JVM is running with Zero Based Compressed Oops mode in which the Java heap is
#     placed in the first 32GB address space. The Java Heap base address is the
#     maximum limit for the native heap growth. Please use -XX:HeapBaseMinAddress
#     to set the Java Heap base and to place the Java Heap above 32GB virtual address.
# This output file may be truncated or incomplete.
#
#  Out of Memory Error (os_windows.cpp:3617), pid=23128, tid=15552
#
# JRE version:  (17.0.8+7) (build )
# Java VM: OpenJDK 64-Bit Server VM (17.0.8+7, mixed mode, sharing, tiered, compressed oops, compressed class ptrs, g1 gc, windows-amd64)
# No core dump will be written. Minidumps are not enabled by default on client versions of Windows
#

---------------  S U M M A R Y ------------

Command Line: -Dfile.encoding=UTF-8 -XX:+ShowCodeDetailsInExceptionMessages Loop

Host: 11th Gen Intel(R) Core(TM) i5-11400H @ 2.70GHz, 12 cores, 15G,  Windows 11 , 64 bit Build 22621 (10.0.22621.2215)
Time: Wed Sep  6 10:02:57 2023 FLE Daylight Time elapsed time: 0.011181 seconds (0d 0h 0m 0s)

---------------  T H R E A D  ---------------

Current thread (0x00000276a9902a20):  JavaThread "Unknown thread" [_thread_in_vm, id=15552, stack(0x0000009124a00000,0x0000009124b00000)]

Stack: [0x0000009124a00000,0x0000009124b00000]
Native frames: (J=compiled Java code, j=interpreted, Vv=VM code, C=native code)
V  [jvm.dll+0x678b0a]
V  [jvm.dll+0x835e84]
V  [jvm.dll+0x83762e]
V  [jvm.dll+0x837c93]
V  [jvm.dll+0x24746f]
V  [jvm.dll+0x675859]
V  [jvm.dll+0x66a0ea]
V  [jvm.dll+0x306c7b]
V  [jvm.dll+0x30e166]
V  [jvm.dll+0x35dd53]
V  [jvm.dll+0x35df6f]
V  [jvm.dll+0x2ddb48]
V  [jvm.dll+0x2deab4]
V  [jvm.dll+0x807f31]
V  [jvm.dll+0x36bb21]
V  [jvm.dll+0x7e733c]
V  [jvm.dll+0x3ee4af]
V  [jvm.dll+0x3f00c1]
C  [jli.dll+0x528b]
C  [ucrtbase.dll+0x29363]
C  [KERNEL32.DLL+0x1257d]
C  [ntdll.dll+0x5aa68]


---------------  P R O C E S S  ---------------

Threads class SMR info:
_java_thread_list=0x00007ffbca5ba018, length=0, elements={
}

Java Threads: ( => current thread )

Other Threads:
  0x00000276a9971770 GCTaskThread "GC Thread#0" [stack: 0x0000009124b00000,0x0000009124c00000] [id=19548]
  0x00000276a9982a60 ConcurrentGCThread "G1 Main Marker" [stack: 0x0000009124c00000,0x0000009124d00000] [id=5560]
  0x00000276a9983470 ConcurrentGCThread "G1 Conc#0" [stack: 0x0000009124d00000,0x0000009124e00000] [id=17564]

[error occurred during error reporting (printing all threads), id 0xc0000005, EXCEPTION_ACCESS_VIOLATION (0xc0000005) at pc=0x00007ffbc9d8e587]

VM state: not at safepoint (not fully initialized)

VM Mutex/Monitor currently owned by a thread:  ([mutex/lock_event])
[0x00000276a788ba60] Heap_lock - owner thread: 0x00000276a9902a20

Heap address: 0x0000000704000000, size: 4032 MB, Compressed Oops mode: Zero based, Oop shift amount: 3

CDS archive(s) mapped at: [0x0000000000000000-0x0000000000000000-0x0000000000000000), size 0, SharedBaseAddress: 0x0000000800000000, ArchiveRelocationMode: 1.
Narrow klass base: 0x0000000000000000, Narrow klass shift: 0, Narrow klass range: 0x0

GC Precious Log:
<Empty>

Heap:
 garbage-first heap   total 0K, used 0K [0x0000000704000000, 0x0000000800000000)
  region size 2048K, 0 young (0K), 0 survivors (0K)

[error occurred during error reporting (printing heap information), id 0xc0000005, EXCEPTION_ACCESS_VIOLATION (0xc0000005) at pc=0x00007ffbca172699]

GC Heap History (0 events):
No events

Dll operation events (1 events):
Event: 0.007 Loaded shared library C:\Users\jonim\.p2\pool\plugins\org.eclipse.justj.openjdk.hotspot.jre.full.win32.x86_64_17.0.8.v20230801-1951\jre\bin\java.dll

Deoptimization events (0 events):
No events

Classes unloaded (0 events):
No events

Classes redefined (0 events):
No events

Internal exceptions (0 events):
No events

VM Operations (0 events):
No events

Events (0 events):
No events


Dynamic libraries:
0x00007ff664f60000 - 0x00007ff664f6e000 	C:\Users\jonim\.p2\pool\plugins\org.eclipse.justj.openjdk.hotspot.jre.full.win32.x86_64_17.0.8.v20230801-1951\jre\bin\javaw.exe
0x00007ffc2a870000 - 0x00007ffc2aa84000 	C:\Windows\SYSTEM32\ntdll.dll
0x00007ffc28710000 - 0x00007ffc287d4000 	C:\Windows\System32\KERNEL32.DLL
0x00007ffc28010000 - 0x00007ffc283b4000 	C:\Windows\System32\KERNELBASE.dll
0x00007ffc284e0000 - 0x00007ffc285f1000 	C:\Windows\System32\ucrtbase.dll
0x00007ffc161a0000 - 0x00007ffc161b9000 	C:\Users\jonim\.p2\pool\plugins\org.eclipse.justj.openjdk.hotspot.jre.full.win32.x86_64_17.0.8.v20230801-1951\jre\bin\VCRUNTIME140.dll
0x00007ffc16180000 - 0x00007ffc16197000 	C:\Users\jonim\.p2\pool\plugins\org.eclipse.justj.openjdk.hotspot.jre.full.win32.x86_64_17.0.8.v20230801-1951\jre\bin\jli.dll
0x00007ffc28990000 - 0x00007ffc28b3e000 	C:\Windows\System32\USER32.dll
0x00007ffc27c20000 - 0x00007ffc27c46000 	C:\Windows\System32\win32u.dll
0x00007ffc2a7e0000 - 0x00007ffc2a809000 	C:\Windows\System32\GDI32.dll
0x00007ffc1def0000 - 0x00007ffc1e183000 	C:\Windows\WinSxS\amd64_microsoft.windows.common-controls_6595b64144ccf1df_6.0.22621.2215_none_270d72677387dfc3\COMCTL32.dll
0x00007ffc27ef0000 - 0x00007ffc28008000 	C:\Windows\System32\gdi32full.dll
0x00007ffc2a000000 - 0x00007ffc2a0a7000 	C:\Windows\System32\msvcrt.dll
0x00007ffc28440000 - 0x00007ffc284da000 	C:\Windows\System32\msvcp_win.dll
0x00007ffc2a0b0000 - 0x00007ffc2a0e1000 	C:\Windows\System32\IMM32.DLL
0x00007ffc1ef40000 - 0x00007ffc1ef4c000 	C:\Users\jonim\.p2\pool\plugins\org.eclipse.justj.openjdk.hotspot.jre.full.win32.x86_64_17.0.8.v20230801-1951\jre\bin\vcruntime140_1.dll
0x00007ffbf0a70000 - 0x00007ffbf0b01000 	C:\Users\jonim\.p2\pool\plugins\org.eclipse.justj.openjdk.hotspot.jre.full.win32.x86_64_17.0.8.v20230801-1951\jre\bin\msvcp140.dll
0x00007ffbc9aa0000 - 0x00007ffbca6ec000 	C:\Users\jonim\.p2\pool\plugins\org.eclipse.justj.openjdk.hotspot.jre.full.win32.x86_64_17.0.8.v20230801-1951\jre\bin\server\jvm.dll
0x00007ffc29bf0000 - 0x00007ffc29ca0000 	C:\Windows\System32\ADVAPI32.dll
0x00007ffc2a2d0000 - 0x00007ffc2a376000 	C:\Windows\System32\sechost.dll
0x00007ffc287e0000 - 0x00007ffc288f7000 	C:\Windows\System32\RPCRT4.dll
0x00007ffc1b560000 - 0x00007ffc1b569000 	C:\Windows\SYSTEM32\WSOCK32.dll
0x00007ffc1db80000 - 0x00007ffc1dbb4000 	C:\Windows\SYSTEM32\WINMM.dll
0x00007ffc26a90000 - 0x00007ffc26add000 	C:\Windows\SYSTEM32\POWRPROF.dll
0x00007ffc268a0000 - 0x00007ffc268aa000 	C:\Windows\SYSTEM32\VERSION.dll
0x00007ffc29b70000 - 0x00007ffc29be1000 	C:\Windows\System32\WS2_32.dll
0x00007ffc26a70000 - 0x00007ffc26a83000 	C:\Windows\SYSTEM32\UMPDC.dll
0x00007ffc26cd0000 - 0x00007ffc26ce8000 	C:\Windows\SYSTEM32\kernel.appcore.dll
0x00007ffc0e760000 - 0x00007ffc0e76a000 	C:\Users\jonim\.p2\pool\plugins\org.eclipse.justj.openjdk.hotspot.jre.full.win32.x86_64_17.0.8.v20230801-1951\jre\bin\jimage.dll
0x00007ffc252a0000 - 0x00007ffc254ce000 	C:\Windows\SYSTEM32\DBGHELP.DLL
0x00007ffc2a380000 - 0x00007ffc2a70a000 	C:\Windows\System32\combase.dll
0x00007ffc29f20000 - 0x00007ffc29ff7000 	C:\Windows\System32\OLEAUT32.dll
0x00007ffc1b010000 - 0x00007ffc1b042000 	C:\Windows\SYSTEM32\dbgcore.DLL
0x00007ffc283c0000 - 0x00007ffc2843a000 	C:\Windows\System32\bcryptPrimitives.dll
0x00007ffc0b1f0000 - 0x00007ffc0b215000 	C:\Users\jonim\.p2\pool\plugins\org.eclipse.justj.openjdk.hotspot.jre.full.win32.x86_64_17.0.8.v20230801-1951\jre\bin\java.dll

dbghelp: loaded successfully - version: 4.0.5 - missing functions: none
symbol engine: initialized successfully - sym options: 0x614 - pdb path: .;C:\Users\jonim\.p2\pool\plugins\org.eclipse.justj.openjdk.hotspot.jre.full.win32.x86_64_17.0.8.v20230801-1951\jre\bin;C:\Windows\SYSTEM32;C:\Windows\WinSxS\amd64_microsoft.windows.common-controls_6595b64144ccf1df_6.0.22621.2215_none_270d72677387dfc3;C:\Users\jonim\.p2\pool\plugins\org.eclipse.justj.openjdk.hotspot.jre.full.win32.x86_64_17.0.8.v20230801-1951\jre\bin\server

VM Arguments:
jvm_args: -Dfile.encoding=UTF-8 -XX:+ShowCodeDetailsInExceptionMessages 
java_command: Loop
java_class_path (initial): C:\Users\jonim\eclipse-workspace\Lucky7\bin
Launcher Type: SUN_STANDARD

[Global flags]
     intx CICompilerCount                          = 4                                         {product} {ergonomic}
     uint ConcGCThreads                            = 3                                         {product} {ergonomic}
     uint G1ConcRefinementThreads                  = 10                                        {product} {ergonomic}
   size_t G1HeapRegionSize                         = 2097152                                   {product} {ergonomic}
    uintx GCDrainStackTargetSize                   = 64                                        {product} {ergonomic}
   size_t InitialHeapSize                          = 264241152                                 {product} {ergonomic}
   size_t MarkStackSize                            = 4194304                                   {product} {ergonomic}
   size_t MaxHeapSize                              = 4227858432                                {product} {ergonomic}
   size_t MinHeapDeltaBytes                        = 2097152                                   {product} {ergonomic}
   size_t MinHeapSize                              = 8388608                                   {product} {ergonomic}
    uintx NonNMethodCodeHeapSize                   = 5839372                                {pd product} {ergonomic}
    uintx NonProfiledCodeHeapSize                  = 122909434                              {pd product} {ergonomic}
    uintx ProfiledCodeHeapSize                     = 122909434                              {pd product} {ergonomic}
    uintx ReservedCodeCacheSize                    = 251658240                              {pd product} {ergonomic}
     bool SegmentedCodeCache                       = true                                      {product} {ergonomic}
     bool ShowCodeDetailsInExceptionMessages       = true                                   {manageable} {command line}
   size_t SoftMaxHeapSize                          = 4227858432                             {manageable} {ergonomic}
     bool UseCompressedClassPointers               = true                           {product lp64_product} {ergonomic}
     bool UseCompressedOops                        = true                           {product lp64_product} {ergonomic}
     bool UseG1GC                                  = true                                      {product} {ergonomic}
     bool UseLargePagesIndividualAllocation        = false                                  {pd product} {ergonomic}

Logging:
Log output configuration:
 #0: stdout all=warning uptime,level,tags
 #1: stderr all=off uptime,level,tags

Environment Variables:
PATH=C:/Users/jonim/.p2/pool/plugins/org.eclipse.justj.openjdk.hotspot.jre.full.win32.x86_64_17.0.8.v20230801-1951/jre/bin/server;C:/Users/jonim/.p2/pool/plugins/org.eclipse.justj.openjdk.hotspot.jre.full.win32.x86_64_17.0.8.v20230801-1951/jre/bin;C:\Windows\system32;C:\Windows;C:\Windows\System32\Wbem;C:\Windows\System32\WindowsPowerShell\v1.0\;C:\Windows\System32\OpenSSH\;C:\Program Files (x86)\NVIDIA Corporation\PhysX\Common;C:\Program Files\NVIDIA Corporation\NVIDIA NvDLISR;C:\ProgramData\chocolatey\bin;C:\Program Files\PowerShell\7\;C:\Program Files\Git\cmd;C:\Program Files\Microsoft VS Code\bin;C:\Program Files\dotnet\;C:\Program Files\Docker\Docker\resources\bin;C:\Users\jonim\AppData\Local\Microsoft\WindowsApps;C:\Users\jonim\AppData\Local\GitHubDesktop\bin;C:\Windows\System32;
USERNAME=jonim
OS=Windows_NT
PROCESSOR_IDENTIFIER=Intel64 Family 6 Model 141 Stepping 1, GenuineIntel
TMP=C:\Users\jonim\AppData\Local\Temp
TEMP=C:\Users\jonim\AppData\Local\Temp



---------------  S Y S T E M  ---------------

OS:
 Windows 11 , 64 bit Build 22621 (10.0.22621.2215)
OS uptime: 7 days 15:03 hours
Hyper-V role detected

CPU: total 12 (initial active 12) (6 cores per cpu, 2 threads per core) family 6 model 141 stepping 1 microcode 0x34, cx8, cmov, fxsr, ht, mmx, 3dnowpref, sse, sse2, sse3, ssse3, sse4.1, sse4.2, popcnt, lzcnt, tsc, tscinvbit, avx, avx2, aes, erms, clmul, bmi1, bmi2, adx, avx512f, avx512dq, avx512cd, avx512bw, avx512vl, sha, fma, vzeroupper, avx512_vpopcntdq, avx512_vpclmulqdq, avx512_vaes, avx512_vnni, clflush, clflushopt, clwb, avx512_vbmi2, avx512_vbmi, hv
Processor Information for all 12 processors :
  Max Mhz: 2688, Current Mhz: 2688, Mhz Limit: 2688

Memory: 4k page, system-wide physical 16122M (6184M free)
TotalPageFile size 65274M (AvailPageFile size 8M)
current process WorkingSet (physical memory assigned to process): 11M, peak: 11M
current process commit charge ("private bytes"): 316M, peak: 320M

vm_info: OpenJDK 64-Bit Server VM (17.0.8+7) for windows-amd64 JRE (17.0.8+7), built on Jul 18 2023 21:02:32 by "admin" with MS VC++ 16.7 (VS2019)

END.
